<?xml version="1.0" encoding="UTF-8"?>
<testsuites name="Mocha Tests" time="45.4520" tests="5" failures="3" skipped="1">
  <testsuite name="Root Suite" timestamp="2022-01-15T23:17:26" tests="0" file="cypress/integration/payment.spec.js" time="0.0000" failures="0">
  </testsuite>
  <testsuite name="Loan Payment test suite" timestamp="2022-01-15T23:17:26" tests="4" time="32.6410" failures="3">
    <testcase name="Loan Payment test suite Verify that payment is done successfully using &quot;Upcoming + Overdue&quot;" time="0.0000" classname="Verify that payment is done successfully using &quot;Upcoming + Overdue&quot;">
      <failure message="Timed out retrying after 4000ms: Expected to find content: &apos;Debit Card *4553&apos; but never did." type="AssertionError"><![CDATA[AssertionError: Timed out retrying after 4000ms: Expected to find content: 'Debit Card *4553' but never did.
    at Payment.upComingOverdue (https://peach-borrower.peach-dev.finance/__cypress/tests?p=cypress\integration\payment.spec.js:194:8)
    at Context.eval (https://peach-borrower.peach-dev.finance/__cypress/tests?p=cypress\integration\payment.spec.js:143:24)]]></failure>
    </testcase>
    <testcase name="Loan Payment test suite User should not be allowed to process payment with &quot;Remaining balance&quot; selection" time="0.0000" classname="User should not be allowed to process payment with &quot;Remaining balance&quot; selection">
      <failure message="Timed out retrying after 4000ms: Expected to find content: &apos;Debit Card *4553&apos; but never did." type="AssertionError"><![CDATA[AssertionError: Timed out retrying after 4000ms: Expected to find content: 'Debit Card *4553' but never did.
    at Payment.remainingBalance (https://peach-borrower.peach-dev.finance/__cypress/tests?p=cypress\integration\payment.spec.js:202:8)
    at Context.eval (https://peach-borrower.peach-dev.finance/__cypress/tests?p=cypress\integration\payment.spec.js:146:24)]]></failure>
    </testcase>
    <testcase name="Loan Payment test suite User should not be allowed to process payment with &quot;Other amount&quot; selection" time="0.0000" classname="User should not be allowed to process payment with &quot;Other amount&quot; selection">
      <failure message="Timed out retrying after 4000ms: Expected to find content: &apos;Debit Card *4553&apos; but never did." type="AssertionError"><![CDATA[AssertionError: Timed out retrying after 4000ms: Expected to find content: 'Debit Card *4553' but never did.
    at Payment.otherAmount (https://peach-borrower.peach-dev.finance/__cypress/tests?p=cypress\integration\payment.spec.js:212:8)
    at Context.eval (https://peach-borrower.peach-dev.finance/__cypress/tests?p=cypress\integration\payment.spec.js:149:24)]]></failure>
    </testcase>
  </testsuite>
  <testsuite name="Test session timeout" timestamp="2022-01-15T23:17:58" tests="1" time="12.7840" failures="0">
    <testcase name="Test session timeout Session test" time="12.8300" classname="Session test">
    </testcase>
  </testsuite>
</testsuites>